Building DAG of jobs...
Using shell: /bin/bash
Provided cores: 1 (use --cores to define parallelism)
Rules claiming more threads will be scaled down.
Job stats:
job                         count
------------------------  -------
all                             1
generate_markers                3
generate_vlnplot_and_rds        3
total                           7

Select jobs to execute...
Execute 1 jobs...

[Sun Feb 18 08:44:35 2024]
localrule generate_vlnplot_and_rds:
    input: ../data/BLCA_GSE130001_expression.h5
    output: ../results/BLCA_GSE130001/vlnplot.png, ../results/BLCA_GSE130001/seurat_object.rds
    jobid: 2
    reason: Missing output files: ../results/BLCA_GSE130001/vlnplot.png, ../results/BLCA_GSE130001/seurat_object.rds
    wildcards: dataset=BLCA_GSE130001
    resources: tmpdir=/var/folders/k5/2sqf38tx6cl7vn0xqg7hckb40000gq/T

[Sun Feb 18 08:44:35 2024]
Error in rule generate_vlnplot_and_rds:
    jobid: 2
    input: ../data/BLCA_GSE130001_expression.h5
    output: ../results/BLCA_GSE130001/vlnplot.png, ../results/BLCA_GSE130001/seurat_object.rds
    shell:
        Rscript ../scripts/generate_vlnplot_and_save_rds.R ../data/BLCA_GSE130001_expression.h5 ../results/BLCA_GSE130001/vlnplot.png ../results/BLCA_GSE130001/seurat_object.rds BLCA_GSE130001
        (one of the commands exited with non-zero exit code; note that snakemake uses bash strict mode!)

Shutting down, this might take some time.
Exiting because a job execution failed. Look above for error message
Complete log: .snakemake/log/2024-02-18T084434.942687.snakemake.log
WorkflowError:
At least one job did not complete successfully.
